{"level":"error","message":"{\"tipo\":\"conexion\",\"mensaje\":\"Error conexion Base datos\"}","service":"MSP-MESA-PARTES-VIRTUAL","timestamp":"2024-01-04T15:41:01.413Z"}
{"level":"error","message":"{\"tipo\":\"conexion\",\"mensaje\":\"Error conexion Base datos\"}","service":"MSP-MESA-PARTES-VIRTUAL","timestamp":"2024-01-04T15:41:01.416Z"}
{"level":"error","message":"{\"tipo\":\"role\",\"mensaje\":{}}","service":"MSP-MESA-PARTES-VIRTUAL","timestamp":"2024-01-04T15:41:01.417Z"}
{"level":"error","message":"{\"tipo\":\"role\",\"mensaje\":{}}","service":"MSP-MESA-PARTES-VIRTUAL","timestamp":"2024-01-04T15:41:01.419Z"}
{"level":"error","message":"{\"tipo\":\"controlador\",\"endpoint\":\"buscarDni\",\"microservicio\":\"MSP-MESA-PARTES-VIRTUAL\"}","metadata":"api","service":"MSP-MESA-PARTES-VIRTUAL","timestamp":"2024-01-04T15:41:01.420Z"}
{"level":"error","message":"{\"tipo\":\"conexion\",\"mensaje\":\"Error conexion Base datos\"}","service":"MSP-MESA-PARTES-VIRTUAL","timestamp":"2024-01-04T15:41:23.922Z"}
{"level":"error","message":"{\"tipo\":\"conexion\",\"mensaje\":\"Error conexion Base datos\"}","service":"MSP-MESA-PARTES-VIRTUAL","timestamp":"2024-01-04T15:41:23.925Z"}
{"level":"error","message":"{\"tipo\":\"role\",\"mensaje\":{}}","service":"MSP-MESA-PARTES-VIRTUAL","timestamp":"2024-01-04T15:41:23.929Z"}
{"level":"error","message":"{\"tipo\":\"role\",\"mensaje\":{}}","service":"MSP-MESA-PARTES-VIRTUAL","timestamp":"2024-01-04T15:41:23.931Z"}
{"level":"error","message":"{\"tipo\":\"controlador\",\"endpoint\":\"buscarDni\",\"microservicio\":\"MSP-MESA-PARTES-VIRTUAL\"}","metadata":"api","service":"MSP-MESA-PARTES-VIRTUAL","timestamp":"2024-01-04T15:41:23.933Z"}
{"level":"error","message":"{\"tipo\":\"conexion\",\"mensaje\":\"Error conexion Base datos\"}","service":"MSP-MESA-PARTES-VIRTUAL","timestamp":"2024-01-04T15:41:57.787Z"}
{"level":"error","message":"{\"tipo\":\"conexion\",\"mensaje\":\"Error conexion Base datos\"}","service":"MSP-MESA-PARTES-VIRTUAL","timestamp":"2024-01-04T15:41:57.787Z"}
{"level":"error","message":"{\"tipo\":\"role\",\"mensaje\":{}}","service":"MSP-MESA-PARTES-VIRTUAL","timestamp":"2024-01-04T15:41:57.788Z"}
{"level":"error","message":"{\"tipo\":\"role\",\"mensaje\":{}}","service":"MSP-MESA-PARTES-VIRTUAL","timestamp":"2024-01-04T15:41:57.789Z"}
{"level":"error","message":"{\"tipo\":\"controlador\",\"endpoint\":\"buscarDni\",\"microservicio\":\"MSP-MESA-PARTES-VIRTUAL\"}","metadata":"api","service":"MSP-MESA-PARTES-VIRTUAL","timestamp":"2024-01-04T15:41:57.790Z"}
{"level":"error","message":"{\"tipo\":\"conexion\",\"mensaje\":\"Error conexion Base datos\"}","service":"MSP-MESA-PARTES-VIRTUAL","timestamp":"2024-01-04T15:47:35.701Z"}
{"level":"error","message":"{\"tipo\":\"conexion\",\"mensaje\":\"Error conexion Base datos\"}","service":"MSP-MESA-PARTES-VIRTUAL","timestamp":"2024-01-04T15:47:35.703Z"}
{"level":"error","message":"{\"tipo\":\"role\",\"mensaje\":{}}","service":"MSP-MESA-PARTES-VIRTUAL","timestamp":"2024-01-04T15:47:35.706Z"}
{"level":"error","message":"{\"tipo\":\"role\",\"mensaje\":{}}","service":"MSP-MESA-PARTES-VIRTUAL","timestamp":"2024-01-04T15:47:35.707Z"}
{"level":"error","message":"{\"tipo\":\"controlador\",\"endpoint\":\"buscarDni\",\"microservicio\":\"MSP-MESA-PARTES-VIRTUAL\"}","metadata":"api","service":"MSP-MESA-PARTES-VIRTUAL","timestamp":"2024-01-04T15:47:35.709Z"}
{"level":"error","message":"{\"tipo\":\"conexion\",\"mensaje\":\"Error conexion Base datos\"}","service":"MSP-MESA-PARTES-VIRTUAL","timestamp":"2024-01-04T15:57:49.406Z"}
{"level":"error","message":"{\"tipo\":\"conexion\",\"mensaje\":{}}","service":"MSP-MESA-PARTES-VIRTUAL","timestamp":"2024-01-04T15:57:49.408Z"}
{"level":"error","message":"{\"tipo\":\"role\",\"mensaje\":{}}","service":"MSP-MESA-PARTES-VIRTUAL","timestamp":"2024-01-04T15:57:49.409Z"}
{"level":"error","message":"{\"tipo\":\"role\",\"mensaje\":{}}","service":"MSP-MESA-PARTES-VIRTUAL","timestamp":"2024-01-04T15:57:49.410Z"}
{"level":"error","message":"{\"tipo\":\"controlador\",\"endpoint\":\"buscarDni\",\"microservicio\":\"MSP-MESA-PARTES-VIRTUAL\"}","metadata":"api","service":"MSP-MESA-PARTES-VIRTUAL","timestamp":"2024-01-04T15:57:49.411Z"}
{"level":"error","message":"{\"tipo\":\"conexion\",\"mensaje\":\"Error conexion Base datos\"}","service":"MSP-MESA-PARTES-VIRTUAL","timestamp":"2024-01-04T16:03:54.755Z"}
{"level":"error","message":"{\"tipo\":\"conexion\",\"mensaje\":{}}","service":"MSP-MESA-PARTES-VIRTUAL","timestamp":"2024-01-04T16:03:54.757Z"}
{"level":"error","message":"{\"tipo\":\"role\",\"mensaje\":{}}","service":"MSP-MESA-PARTES-VIRTUAL","timestamp":"2024-01-04T16:03:54.758Z"}
{"level":"error","message":"{\"tipo\":\"role\",\"mensaje\":{}}","service":"MSP-MESA-PARTES-VIRTUAL","timestamp":"2024-01-04T16:03:54.759Z"}
{"level":"error","message":"{\"tipo\":\"controlador\",\"endpoint\":\"buscarDni\",\"microservicio\":\"MSP-MESA-PARTES-VIRTUAL\"}","metadata":"api","service":"MSP-MESA-PARTES-VIRTUAL","timestamp":"2024-01-04T16:03:54.759Z"}
{"level":"error","message":"{\"tipo\":\"controlador\",\"endpoint\":\"buscarDni\",\"microservicio\":\"MSP-MESA-PARTES-VIRTUAL\",\"mensaje\":\"Cannot read properties of undefined (reading 'code')\"}","metadata":"api","service":"MSP-MESA-PARTES-VIRTUAL","timestamp":"2024-01-04T16:23:02.996Z"}
{"level":"error","message":"{\"tipo\":\"controlador\",\"endpoint\":\"buscarDni\",\"microservicio\":\"MSP-MESA-PARTES-VIRTUAL\",\"mensaje\":\"Cannot read properties of undefined (reading 'code')\"}","metadata":"api","service":"MSP-MESA-PARTES-VIRTUAL","timestamp":"2024-01-04T16:42:04.048Z"}
{"level":"error","message":"{\"tipo\":\"controlador\",\"endpoint\":\"buscarDni\",\"microservicio\":\"MSP-MESA-PARTES-VIRTUAL\",\"mensaje\":\"Cannot read properties of undefined (reading 'code')\"}","metadata":"api","service":"MSP-MESA-PARTES-VIRTUAL","timestamp":"2024-01-04T16:43:02.024Z"}
{"level":"error","message":"{\"tipo\":\"controlador\",\"endpoint\":\"buscarDni\",\"microservicio\":\"MSP-MESA-PARTES-VIRTUAL\",\"mensaje\":\"Cannot read properties of undefined (reading 'code')\"}","metadata":"api","service":"MSP-MESA-PARTES-VIRTUAL","timestamp":"2024-01-04T16:59:14.564Z"}
{"level":"error","message":"{\"tipo\":\"controlador\",\"endpoint\":\"buscarDni\",\"microservicio\":\"MSP-MESA-PARTES-VIRTUAL\",\"mensaje\":\"Cannot read properties of undefined (reading 'code')\"}","metadata":"api","service":"MSP-MESA-PARTES-VIRTUAL","timestamp":"2024-01-04T17:00:55.814Z"}
{"level":"error","message":"{\"tipo\":\"controlador\",\"endpoint\":\"buscarDni\",\"microservicio\":\"MSP-MESA-PARTES-VIRTUAL\",\"mensaje\":\"res is not defined\"}","metadata":"api","service":"MSP-MESA-PARTES-VIRTUAL","timestamp":"2024-01-04T17:04:51.372Z"}
{"level":"error","message":"{\"tipo\":\"role\",\"mensaje\":{\"code\":\"ETIMEOUT\",\"originalError\":{\"message\":\"Failed to connect to 10.1.1.64\\\\ELSE90SQL in 15000ms\",\"code\":\"ETIMEOUT\"},\"name\":\"ConnectionError\"}}","service":"MSP-MESA-PARTES-VIRTUAL","timestamp":"2024-01-04T17:08:21.991Z"}
{"level":"error","message":"{\"tipo\":\"role\",\"mensaje\":{\"code\":\"EREQUEST\",\"originalError\":{\"info\":{\"name\":\"ERROR\",\"event\":\"errorMessage\",\"number\":290,\"state\":2,\"class\":16,\"message\":\"Invalid EXECUTE statement using object \\\"AppRole\\\", method \\\"Unset\\\".\",\"serverName\":\"ELSE90V\\\\ELSE90SQL\",\"procName\":\"sys.sp_unsetapprole\",\"lineNumber\":22}},\"name\":\"RequestError\",\"number\":290,\"lineNumber\":22,\"state\":2,\"class\":16,\"serverName\":\"ELSE90V\\\\ELSE90SQL\",\"procName\":\"sys.sp_unsetapprole\",\"precedingErrors\":[]}}","service":"MSP-MESA-PARTES-VIRTUAL","timestamp":"2024-01-04T17:08:22.038Z"}
{"level":"error","message":"{\"tipo\":\"conexion\",\"mensaje\":\"Error conexion Base datos\"}","service":"MSP-MESA-PARTES-VIRTUAL","timestamp":"2024-01-04T17:26:27.128Z"}
{"level":"error","message":"{\"tipo\":\"conexion\",\"mensaje\":{}}","service":"MSP-MESA-PARTES-VIRTUAL","timestamp":"2024-01-04T17:26:27.132Z"}
{"level":"error","message":"{\"tipo\":\"role\",\"mensaje\":{}}","service":"MSP-MESA-PARTES-VIRTUAL","timestamp":"2024-01-04T17:26:27.134Z"}
{"level":"error","message":"{\"tipo\":\"role\",\"mensaje\":{}}","service":"MSP-MESA-PARTES-VIRTUAL","timestamp":"2024-01-04T17:26:27.135Z"}
{"level":"error","message":"{\"tipo\":\"controlador\",\"endpoint\":\"validarDniPide\",\"microservicio\":\"MSP-MESA-PARTES-VIRTUAL\",\"mensaje\":\"Cannot read properties of undefined (reading 'code')\"}","metadata":"api","service":"MSP-MESA-PARTES-VIRTUAL","timestamp":"2024-01-04T17:27:30.463Z"}
{"level":"error","message":"{\"tipo\":\"controlador\",\"endpoint\":\"validarDniPide\",\"microservicio\":\"MSP-MESA-PARTES-VIRTUAL\",\"mensaje\":\"Cannot read properties of undefined (reading 'code')\"}","metadata":"api","service":"MSP-MESA-PARTES-VIRTUAL","timestamp":"2024-01-04T17:28:34.980Z"}
{"level":"error","message":"{\"tipo\":\"controlador\",\"endpoint\":\"validarDniPide\",\"microservicio\":\"MSP-MESA-PARTES-VIRTUAL\",\"mensaje\":\"Cannot read properties of undefined (reading 'code')\"}","metadata":"api","service":"MSP-MESA-PARTES-VIRTUAL","timestamp":"2024-01-04T17:28:45.735Z"}
{"level":"error","message":"{\"tipo\":\"controlador\",\"endpoint\":\"validarDniPide\",\"microservicio\":\"MSP-MESA-PARTES-VIRTUAL\",\"mensaje\":\"Cannot read properties of undefined (reading 'data')\"}","metadata":"api","service":"MSP-MESA-PARTES-VIRTUAL","timestamp":"2024-01-04T17:29:33.057Z"}
{"level":"error","message":"{\"tipo\":\"controlador\",\"endpoint\":\"validarDniPide\",\"microservicio\":\"MSP-MESA-PARTES-VIRTUAL\",\"mensaje\":\"Cannot read properties of undefined (reading 'data')\"}","metadata":"api","service":"MSP-MESA-PARTES-VIRTUAL","timestamp":"2024-01-04T17:29:55.191Z"}
{"level":"error","message":"{\"tipo\":\"controlador\",\"endpoint\":\"validarDniPide\",\"microservicio\":\"MSP-MESA-PARTES-VIRTUAL\",\"mensaje\":\"Cannot read properties of undefined (reading 'data')\"}","metadata":"api","service":"MSP-MESA-PARTES-VIRTUAL","timestamp":"2024-01-04T17:30:05.177Z"}
{"level":"error","message":"{\"tipo\":\"controlador\",\"endpoint\":\"validarDniPide\",\"microservicio\":\"MSP-MESA-PARTES-VIRTUAL\",\"mensaje\":\"Cannot read properties of undefined (reading 'data')\"}","metadata":"api","service":"MSP-MESA-PARTES-VIRTUAL","timestamp":"2024-01-04T17:31:34.150Z"}
{"level":"error","message":"{\"tipo\":\"controlador\",\"endpoint\":\"validarDniPide\",\"microservicio\":\"MSP-MESA-PARTES-VIRTUAL\",\"mensaje\":\"Invalid status code: undefined\"}","metadata":"api","service":"MSP-MESA-PARTES-VIRTUAL","timestamp":"2024-01-04T17:34:39.570Z"}
{"level":"error","message":"{\"tipo\":\"controlador\",\"endpoint\":\"validarDniPide\",\"microservicio\":\"MSP-MESA-PARTES-VIRTUAL\",\"mensaje\":\"Invalid status code: undefined\"}","metadata":"api","service":"MSP-MESA-PARTES-VIRTUAL","timestamp":"2024-01-04T17:34:56.708Z"}
{"level":"error","message":"{\"tipo\":\"controlador\",\"endpoint\":\"validarDniPide\",\"microservicio\":\"MSP-MESA-PARTES-VIRTUAL\",\"mensaje\":\"Invalid status code: undefined\"}","metadata":"api","service":"MSP-MESA-PARTES-VIRTUAL","timestamp":"2024-01-04T17:35:19.953Z"}
{"level":"error","message":"{\"tipo\":\"controlador\",\"endpoint\":\"validarDniPide\",\"microservicio\":\"MSP-MESA-PARTES-VIRTUAL\",\"mensaje\":\"Invalid status code: undefined\"}","metadata":"api","service":"MSP-MESA-PARTES-VIRTUAL","timestamp":"2024-01-04T17:36:18.886Z"}
{"level":"error","message":"{\"tipo\":\"controlador\",\"endpoint\":\"obtenerToken\",\"microservicio\":\"MSP-MESA-PARTES-VIRTUAL\",\"mensaje\":\"res.status is not a function\"}","metadata":"api","service":"MSP-MESA-PARTES-VIRTUAL","timestamp":"2024-01-04T19:12:26.068Z"}
{"level":"error","message":"{\"tipo\":\"controlador\",\"endpoint\":\"obtenerToken\",\"microservicio\":\"MSP-MESA-PARTES-VIRTUAL\",\"mensaje\":\"res.status is not a function\"}","metadata":"api","service":"MSP-MESA-PARTES-VIRTUAL","timestamp":"2024-01-04T19:13:21.595Z"}
{"level":"error","message":"{\"tipo\":\"controlador\",\"endpoint\":\"obtenerToken\",\"microservicio\":\"MSP-MESA-PARTES-VIRTUAL\",\"mensaje\":\"res.status is not a function\"}","metadata":"api","service":"MSP-MESA-PARTES-VIRTUAL","timestamp":"2024-01-04T19:13:42.681Z"}
{"level":"error","message":"{\"tipo\":\"controlador\",\"endpoint\":\"obtenerToken\",\"microservicio\":\"MSP-MESA-PARTES-VIRTUAL\",\"mensaje\":\"res.status is not a function\"}","metadata":"api","service":"MSP-MESA-PARTES-VIRTUAL","timestamp":"2024-01-04T19:15:01.218Z"}
